Arguments: 
  /usr/local/bin/node /usr/local/bin/yarn init

PATH: 
  /usr/local/bin:/usr/bin:/bin:/usr/sbin:/sbin

Yarn version: 
  1.22.10

Node version: 
  15.1.0

Platform: 
  darwin x64

Trace: 
  Error: canceled
      at Interface.<anonymous> (/usr/local/lib/node_modules/yarn/lib/cli.js:136216:13)
      at Interface.emit (node:events:327:20)
      at Interface._ttyWrite (node:readline:875:16)
      at ReadStream.onkeypress (node:readline:213:10)
      at ReadStream.emit (node:events:327:20)
      at emitKeys (node:internal/readline/utils:345:14)
      at emitKeys.next (<anonymous>)
      at ReadStream.onData (node:readline:1144:36)
      at ReadStream.emit (node:events:327:20)
      at addChunk (node:internal/streams/readable:304:12)

npm manifest: 
  {
    "name": "crud-server",
    "version": "1.0.0",
    "main": "index.js",
    "repository": "https://github.com/ArtemKlinkov/ra-crud-server.git",
    "author": "Artem <artemklinkov@yandex.ru>",
    "license": "MIT",
    "dependencies": {
      "forever": "^1.0.0",
      "koa": "^2.7.0",
      "koa-body": "^4.1.0",
      "koa-router": "^7.4.0",
      "koa2-cors": "^2.0.6"
    }
  }

yarn manifest: 
  No manifest

Lockfile: 
  No lockfile
